0 info it worked if it ends with ok
1 verbose cli [ '/usr/local/bin/node', '/usr/local/bin/npm', 'run', 'install' ]
2 info using npm@1.4.28
3 info using node@v0.10.35
4 verbose run-script [ 'preinstall', 'install', 'postinstall' ]
5 info preinstall stuntman@1.0.0
6 info install stuntman@1.0.0
7 verbose unsafe-perm in lifecycle true
8 info stuntman@1.0.0 Failed to exec install script
9 error stuntman@1.0.0 install: `node-gyp rebuild --directory=nodejs`
9 error Exit status 1
10 error Failed at the stuntman@1.0.0 install script.
10 error This is most likely a problem with the stuntman package,
10 error not with npm itself.
10 error Tell the author that this fails on your system:
10 error     node-gyp rebuild --directory=nodejs
10 error You can get their info via:
10 error     npm owner ls stuntman
10 error There is likely additional logging output above.
11 error System Linux 3.13.0-40-generic
12 error command "/usr/local/bin/node" "/usr/local/bin/npm" "run" "install"
13 error cwd /home/sam/Programming/node_apps/SilkServer/stun-server
14 error node -v v0.10.35
15 error npm -v 1.4.28
16 error code ELIFECYCLE
17 verbose exit [ 1, true ]
